<?xml version="1.0" encoding="UTF-8"?>
<!-- Generated by org.testng.reporters.JUnitReportReporter -->
<testsuite hostname="EP-5CD42869ZQ" failures="0" tests="3" name="com.example.Reg" time="0.010" errors="0" timestamp="2025-03-31T20:10:14 IST" skipped="0">
  <testcase classname="com.example.Reg" name="T02_mul_positive" time="0.000"/>
  <system-out/>
  <testcase classname="com.example.Reg" name="T01_addition_positive" time="0.009"/>
  <system-out/>
  <testcase classname="com.example.Reg" name="T02_subraction_positive" time="0.001"/>
  <system-out/>
</testsuite> <!-- com.example.Reg -->
