<?xml version="1.0" encoding="UTF-8"?>
<!-- Generated by org.testng.reporters.JUnitReportReporter -->
<testsuite hostname="EP-5CD42869ZQ" failures="0" tests="3" name="com.example.Smoke" time="0.013" errors="0" timestamp="2025-03-31T20:10:05 IST" skipped="0">
  <testcase classname="com.example.Smoke" name="T01_addition_positive" time="0.010"/>
  <system-out/>
  <testcase classname="com.example.Smoke" name="T02_subraction_positive" time="0.001"/>
  <system-out/>
  <testcase classname="com.example.Smoke" name="T02_mul_positive" time="0.002"/>
  <system-out/>
</testsuite> <!-- com.example.Smoke -->
